[2018-10-09 14:25:23 CST] INFO  [? ] - Neither @ContextConfiguration nor @ContextHierarchy found for test class [com.you07.vtp.VtpApplicationTests], using SpringBootContextLoader
[2018-10-09 14:25:23 CST] INFO  [? ] - Could not detect default resource locations for test class [com.you07.vtp.VtpApplicationTests]: no resource found for suffixes {-context.xml, Context.groovy}.
[2018-10-09 14:25:23 CST] INFO  [? ] - Could not detect default configuration classes for test class [com.you07.vtp.VtpApplicationTests]: VtpApplicationTests does not declare any static, non-private, non-final, nested classes annotated with @Configuration.
[2018-10-09 14:25:24 CST] INFO  [? ] - Found @SpringBootConfiguration com.you07.VtpApplication for test class com.you07.vtp.VtpApplicationTests
[2018-10-09 14:25:24 CST] INFO  [? ] - Loaded default TestExecutionListener class names from location [META-INF/spring.factories]: [org.springframework.boot.test.mock.mockito.MockitoTestExecutionListener, org.springframework.boot.test.mock.mockito.ResetMocksTestExecutionListener, org.springframework.boot.test.autoconfigure.restdocs.RestDocsTestExecutionListener, org.springframework.boot.test.autoconfigure.web.client.MockRestServiceServerResetTestExecutionListener, org.springframework.boot.test.autoconfigure.web.servlet.MockMvcPrintOnlyOnFailureTestExecutionListener, org.springframework.boot.test.autoconfigure.web.servlet.WebDriverTestExecutionListener, org.springframework.test.context.web.ServletTestExecutionListener, org.springframework.test.context.support.DirtiesContextBeforeModesTestExecutionListener, org.springframework.test.context.support.DependencyInjectionTestExecutionListener, org.springframework.test.context.support.DirtiesContextTestExecutionListener, org.springframework.test.context.transaction.TransactionalTestExecutionListener, org.springframework.test.context.jdbc.SqlScriptsTestExecutionListener]
[2018-10-09 14:25:24 CST] INFO  [? ] - Using TestExecutionListeners: [org.springframework.test.context.web.ServletTestExecutionListener@1cf0deb5, org.springframework.test.context.support.DirtiesContextBeforeModesTestExecutionListener@9ad4beb, org.springframework.boot.test.autoconfigure.SpringBootDependencyInjectionTestExecutionListener@50533643, org.springframework.test.context.support.DirtiesContextTestExecutionListener@70f91e8, org.springframework.test.context.transaction.TransactionalTestExecutionListener@f3419f7, org.springframework.test.context.jdbc.SqlScriptsTestExecutionListener@2594aeed, org.springframework.boot.test.autoconfigure.web.client.MockRestServiceServerResetTestExecutionListener@44685ce1, org.springframework.boot.test.autoconfigure.web.servlet.MockMvcPrintOnlyOnFailureTestExecutionListener@1fa9dadd, org.springframework.boot.test.mock.mockito.ResetMocksTestExecutionListener@485ff368, org.springframework.boot.test.mock.mockito.MockitoTestExecutionListener@136555f7, org.springframework.boot.test.autoconfigure.restdocs.RestDocsTestExecutionListener@61eed513, org.springframework.boot.test.autoconfigure.web.servlet.WebDriverTestExecutionListener@6e704a0]
[2018-10-09 14:25:24 CST] INFO  [? ] - Neither @ContextConfiguration nor @ContextHierarchy found for test class [com.you07.vtp.VtpApplicationTests], using SpringBootContextLoader
[2018-10-09 14:25:24 CST] INFO  [? ] - Could not detect default resource locations for test class [com.you07.vtp.VtpApplicationTests]: no resource found for suffixes {-context.xml, Context.groovy}.
[2018-10-09 14:25:24 CST] INFO  [? ] - Could not detect default configuration classes for test class [com.you07.vtp.VtpApplicationTests]: VtpApplicationTests does not declare any static, non-private, non-final, nested classes annotated with @Configuration.
[2018-10-09 14:25:24 CST] INFO  [? ] - Found @SpringBootConfiguration com.you07.VtpApplication for test class com.you07.vtp.VtpApplicationTests
[2018-10-09 14:25:24 CST] INFO  [? ] - Loaded default TestExecutionListener class names from location [META-INF/spring.factories]: [org.springframework.boot.test.mock.mockito.MockitoTestExecutionListener, org.springframework.boot.test.mock.mockito.ResetMocksTestExecutionListener, org.springframework.boot.test.autoconfigure.restdocs.RestDocsTestExecutionListener, org.springframework.boot.test.autoconfigure.web.client.MockRestServiceServerResetTestExecutionListener, org.springframework.boot.test.autoconfigure.web.servlet.MockMvcPrintOnlyOnFailureTestExecutionListener, org.springframework.boot.test.autoconfigure.web.servlet.WebDriverTestExecutionListener, org.springframework.test.context.web.ServletTestExecutionListener, org.springframework.test.context.support.DirtiesContextBeforeModesTestExecutionListener, org.springframework.test.context.support.DependencyInjectionTestExecutionListener, org.springframework.test.context.support.DirtiesContextTestExecutionListener, org.springframework.test.context.transaction.TransactionalTestExecutionListener, org.springframework.test.context.jdbc.SqlScriptsTestExecutionListener]
[2018-10-09 14:25:24 CST] INFO  [? ] - Using TestExecutionListeners: [org.springframework.test.context.web.ServletTestExecutionListener@7e9de72f, org.springframework.test.context.support.DirtiesContextBeforeModesTestExecutionListener@30b4ff9a, org.springframework.boot.test.autoconfigure.SpringBootDependencyInjectionTestExecutionListener@3af8f071, org.springframework.test.context.support.DirtiesContextTestExecutionListener@2d71a8f6, org.springframework.test.context.transaction.TransactionalTestExecutionListener@10bc5c9, org.springframework.test.context.jdbc.SqlScriptsTestExecutionListener@2be60fa8, org.springframework.boot.test.autoconfigure.web.client.MockRestServiceServerResetTestExecutionListener@d0df51c, org.springframework.boot.test.autoconfigure.web.servlet.MockMvcPrintOnlyOnFailureTestExecutionListener@f5707f6, org.springframework.boot.test.mock.mockito.ResetMocksTestExecutionListener@1acbaf58, org.springframework.boot.test.mock.mockito.MockitoTestExecutionListener@3264c826, org.springframework.boot.test.autoconfigure.restdocs.RestDocsTestExecutionListener@769050a2, org.springframework.boot.test.autoconfigure.web.servlet.WebDriverTestExecutionListener@7c9df87d]
[2018-10-09 14:25:26 CST] INFO  [? ] - Starting VtpApplicationTests on USER-20150413CG with PID 13220 (started by Administrator in E:\Work\projects\vtp)
[2018-10-09 14:25:26 CST] INFO  [? ] - No active profile set, falling back to default profiles: default
[2018-10-09 14:25:27 CST] INFO  [? ] - Refreshing org.springframework.web.context.support.GenericWebApplicationContext@6cc18858: startup date [Tue Oct 09 14:25:27 CST 2018]; root of context hierarchy
[2018-10-09 14:25:28 CST] INFO  [? ] - HV000001: Hibernate Validator 5.3.5.Final
[2018-10-09 14:25:31 CST] INFO  [? ] - Bean 'org.springframework.transaction.annotation.ProxyTransactionManagementConfiguration' of type [org.springframework.transaction.annotation.ProxyTransactionManagementConfiguration$$EnhancerBySpringCGLIB$$8d60265a] is not eligible for getting processed by all BeanPostProcessors (for example: not eligible for auto-proxying)
[2018-10-09 14:25:35 CST] INFO  [? ] - Mapped "{[/vtpConfig],methods=[GET]}" onto public java.lang.String com.you07.vtp.controller.ApiController.vtpConfig(javax.servlet.http.HttpServletResponse)
[2018-10-09 14:25:35 CST] INFO  [? ] - Mapped "{[/location/loadTrack],methods=[GET]}" onto public java.lang.String com.you07.vtp.controller.LocationController.loadTrack(java.lang.String,java.lang.String,java.lang.String,java.lang.Integer,java.lang.Integer,java.lang.String)
[2018-10-09 14:25:35 CST] INFO  [? ] - Mapped "{[/location/loadUserLocation],methods=[GET]}" onto public java.lang.String com.you07.vtp.controller.LocationController.loadUserLocation(java.lang.String,java.lang.String,java.lang.String,java.lang.Integer,java.lang.Integer,java.lang.String)
[2018-10-09 14:25:35 CST] INFO  [? ] - Mapped "{[/location/loadOneUserLocation],methods=[GET]}" onto public java.lang.String com.you07.vtp.controller.LocationController.loadOneUserLocation(java.lang.String,java.lang.Integer)
[2018-10-09 14:25:35 CST] INFO  [? ] - Mapped "{[/location/loadAllLocation],methods=[GET]}" onto public java.lang.String com.you07.vtp.controller.LocationController.loadAllLocation(java.lang.String,java.lang.String,java.lang.Integer,java.lang.Integer)
[2018-10-09 14:25:35 CST] INFO  [? ] - Mapped "{[/location/loadOrgLocation],methods=[GET]}" onto public java.lang.String com.you07.vtp.controller.LocationController.loadOrgLocation(java.lang.String,java.lang.String,java.lang.String,java.lang.Integer,java.lang.Integer)
[2018-10-09 14:25:35 CST] INFO  [? ] - Mapped "{[/location/loadOrgUnknown],methods=[GET]}" onto public java.lang.String com.you07.vtp.controller.LocationController.loadOrgUnknown(java.lang.String,java.lang.String,java.lang.String,java.lang.Integer)
[2018-10-09 14:25:35 CST] INFO  [? ] - Mapped "{[/manager/add],methods=[POST]}" onto public java.lang.String com.you07.vtp.controller.LocationTrackManagerController.add(com.you07.vtp.model.LocationTrackManager)
[2018-10-09 14:25:35 CST] INFO  [? ] - Mapped "{[/manager/delete],methods=[POST]}" onto public java.lang.String com.you07.vtp.controller.LocationTrackManagerController.delete(java.lang.String)
[2018-10-09 14:25:35 CST] INFO  [? ] - Mapped "{[/manager/update],methods=[POST]}" onto public java.lang.String com.you07.vtp.controller.LocationTrackManagerController.update(com.you07.vtp.model.LocationTrackManager)
[2018-10-09 14:25:35 CST] INFO  [? ] - Mapped "{[/manager/bulkDelete],methods=[POST]}" onto public java.lang.String com.you07.vtp.controller.LocationTrackManagerController.bulkDelete(java.lang.String)
[2018-10-09 14:25:35 CST] INFO  [? ] - Mapped "{[/manager/pageQuery],methods=[POST]}" onto private java.lang.String com.you07.vtp.controller.LocationTrackManagerController.loadManagerPage(java.lang.String,java.lang.String,java.lang.Integer,java.lang.Integer)
[2018-10-09 14:25:35 CST] INFO  [? ] - Mapped "{[/manager/detail/{id}],methods=[GET]}" onto public java.lang.String com.you07.vtp.controller.LocationTrackManagerController.loadEnrollmentDetail(java.lang.String)
[2018-10-09 14:25:35 CST] INFO  [? ] - Mapped "{[/orgXml],methods=[GET]}" onto public java.lang.String com.you07.vtp.controller.OrganizationController.orgXml(javax.servlet.http.HttpServletResponse,java.lang.String)
[2018-10-09 14:25:35 CST] INFO  [? ] - Mapped "{[/privilegeXml],methods=[GET]}" onto public java.lang.String com.you07.vtp.controller.OrganizationController.privilegeXml(javax.servlet.http.HttpServletResponse,java.lang.String)
[2018-10-09 14:25:35 CST] INFO  [? ] - Mapped "{[/searchClassInfo],methods=[POST]}" onto public java.lang.String com.you07.vtp.controller.OrganizationController.searchClassInfo(java.lang.String,java.lang.String)
[2018-10-09 14:25:35 CST] INFO  [? ] - Mapped "{[/searchStudentInfo],methods=[POST]}" onto public java.lang.String com.you07.vtp.controller.OrganizationController.searchStudentInfo(java.lang.String,java.lang.String)
[2018-10-09 14:25:35 CST] INFO  [? ] - Mapped "{[/systemConfig/saveMapConfig],methods=[PUT]}" onto public java.lang.String com.you07.vtp.controller.SystemConfigVOController.saveMapConfig(com.you07.vtp.model.LocationSystemConfig)
[2018-10-09 14:25:35 CST] INFO  [? ] - Mapped "{[/systemConfig/saveCampusConfig],methods=[PUT]}" onto public java.lang.String com.you07.vtp.controller.SystemConfigVOController.saveCampusConfig(java.util.List<com.you07.vtp.model.LocationCampusInfo>)
[2018-10-09 14:25:35 CST] INFO  [? ] - Mapped "{[/systemConfig/saveGeneralConfig],methods=[PUT]}" onto public java.lang.String com.you07.vtp.controller.SystemConfigVOController.saveGeneralConfig(com.you07.vtp.model.LocationSystemConfig)
[2018-10-09 14:25:35 CST] INFO  [? ] - Mapped "{[/systemConfig/loadProductConfig],methods=[GET]}" onto public java.lang.String com.you07.vtp.controller.SystemConfigVOController.loadProductConfig()
[2018-10-09 14:25:35 CST] INFO  [? ] - Mapped "{[/systemConfig/loadGeneralConfig],methods=[GET]}" onto public java.lang.String com.you07.vtp.controller.SystemConfigVOController.loadGeneralConfig()
[2018-10-09 14:25:35 CST] INFO  [? ] - Mapped "{[/uploadImage/resources/upload],methods=[POST]}" onto public java.lang.String com.you07.vtp.controller.UploadImageController.addModuleUseRecord(org.springframework.web.multipart.MultipartFile,java.lang.String)
[2018-10-09 14:25:35 CST] INFO  [? ] - Mapped "{[/uploadImage/uploadImages],methods=[POST]}" onto public java.lang.String com.you07.vtp.controller.UploadImageController.addModuleUseRecord(java.util.List<org.springframework.web.multipart.MultipartFile>,java.lang.String)
[2018-10-09 14:25:35 CST] INFO  [? ] - Mapped "{[/user/search],methods=[POST]}" onto public java.lang.String com.you07.vtp.controller.UserInfoController.search(java.lang.String)
[2018-10-09 14:25:35 CST] INFO  [? ] - Mapped "{[/user/detail],methods=[GET]}" onto public java.lang.String com.you07.vtp.controller.UserInfoController.detail(java.lang.String)
[2018-10-09 14:25:35 CST] INFO  [? ] - Mapped "{[/swagger-resources/configuration/ui]}" onto public org.springframework.http.ResponseEntity<springfox.documentation.swagger.web.UiConfiguration> springfox.documentation.swagger.web.ApiResourceController.uiConfiguration()
[2018-10-09 14:25:35 CST] INFO  [? ] - Mapped "{[/swagger-resources/configuration/security]}" onto public org.springframework.http.ResponseEntity<springfox.documentation.swagger.web.SecurityConfiguration> springfox.documentation.swagger.web.ApiResourceController.securityConfiguration()
[2018-10-09 14:25:35 CST] INFO  [? ] - Mapped "{[/swagger-resources]}" onto public org.springframework.http.ResponseEntity<java.util.List<springfox.documentation.swagger.web.SwaggerResource>> springfox.documentation.swagger.web.ApiResourceController.swaggerResources()
[2018-10-09 14:25:35 CST] INFO  [? ] - Mapped "{[/error]}" onto public org.springframework.http.ResponseEntity<java.util.Map<java.lang.String, java.lang.Object>> org.springframework.boot.autoconfigure.web.BasicErrorController.error(javax.servlet.http.HttpServletRequest)
[2018-10-09 14:25:35 CST] INFO  [? ] - Mapped "{[/error],produces=[text/html]}" onto public org.springframework.web.servlet.ModelAndView org.springframework.boot.autoconfigure.web.BasicErrorController.errorHtml(javax.servlet.http.HttpServletRequest,javax.servlet.http.HttpServletResponse)
[2018-10-09 14:25:36 CST] INFO  [? ] - Mapped URL path [/v2/api-docs] onto method [public org.springframework.http.ResponseEntity<springfox.documentation.spring.web.json.Json> springfox.documentation.swagger2.web.Swagger2Controller.getDocumentation(java.lang.String,javax.servlet.http.HttpServletRequest)]
[2018-10-09 14:25:37 CST] INFO  [? ] - Looking for @ControllerAdvice: org.springframework.web.context.support.GenericWebApplicationContext@6cc18858: startup date [Tue Oct 09 14:25:27 CST 2018]; root of context hierarchy
[2018-10-09 14:25:37 CST] INFO  [? ] - Mapped URL path [/webjars/**] onto handler of type [class org.springframework.web.servlet.resource.ResourceHttpRequestHandler]
[2018-10-09 14:25:37 CST] INFO  [? ] - Mapped URL path [/**] onto handler of type [class org.springframework.web.servlet.resource.ResourceHttpRequestHandler]
[2018-10-09 14:25:37 CST] INFO  [? ] - Mapped URL path [/**/favicon.ico] onto handler of type [class org.springframework.web.servlet.resource.ResourceHttpRequestHandler]
[2018-10-09 14:25:37 CST] INFO  [? ] - Adding welcome page: ServletContext resource [/index.html]
[2018-10-09 14:25:39 CST] INFO  [? ] - Starting beans in phase 2147483647
[2018-10-09 14:25:39 CST] INFO  [? ] - Context refreshed
[2018-10-09 14:25:39 CST] INFO  [? ] - Found 1 custom documentation plugin(s)
[2018-10-09 14:25:39 CST] INFO  [? ] - Scanning for api listing references
[2018-10-09 14:25:39 CST] INFO  [? ] - Generating unique operation named: addModuleUseRecordUsingPOST_1
[2018-10-09 14:25:39 CST] INFO  [? ] - No TaskScheduler/ScheduledExecutorService bean found for scheduled processing
[2018-10-09 14:25:39 CST] INFO  [? ] - {dataSource-1} inited
[2018-10-09 14:25:40 CST] INFO  [? ] - Started VtpApplicationTests in 14.799 seconds (JVM running for 19.827)
[2018-10-09 14:25:40 CST] INFO  [? ] - Closing org.springframework.web.context.support.GenericWebApplicationContext@6cc18858: startup date [Tue Oct 09 14:25:27 CST 2018]; root of context hierarchy
